#
# There is insufficient memory for the Java Runtime Environment to continue.
# Native memory allocation (mmap) failed to map 65536 bytes for Failed to commit metaspace.
# Possible reasons:
#   The system is out of physical RAM or swap space
#   The process is running with CompressedOops enabled, and the Java Heap may be blocking the growth of the native heap
# Possible solutions:
#   Reduce memory load on the system
#   Increase physical memory or swap space
#   Check if swap backing store is full
#   Decrease Java heap size (-Xmx/-Xms)
#   Decrease number of Java threads
#   Decrease Java thread stack sizes (-Xss)
#   Set larger code cache with -XX:ReservedCodeCacheSize=
#   JVM is running with Zero Based Compressed Oops mode in which the Java heap is
#     placed in the first 32GB address space. The Java Heap base address is the
#     maximum limit for the native heap growth. Please use -XX:HeapBaseMinAddress
#     to set the Java Heap base and to place the Java Heap above 32GB virtual address.
# This output file may be truncated or incomplete.
#
#  Out of Memory Error (virtualSpaceNode.cpp:110), pid=10564, tid=784
#
# JRE version: OpenJDK Runtime Environment (17.0+35) (build 17+35-2724)
# Java VM: OpenJDK 64-Bit Server VM (17+35-2724, mixed mode, emulated-client, sharing, tiered, compressed oops, compressed class ptrs, g1 gc, windows-amd64)
# No core dump will be written. Minidumps are not enabled by default on client versions of Windows
#

---------------  S U M M A R Y ------------

Command Line: -XX:TieredStopAtLevel=1 -Dspring.output.ansi.enabled=always -Dcom.sun.management.jmxremote -Dspring.jmx.enabled=true -Dspring.liveBeansView.mbeanDomain -Dspring.application.admin.enabled=true -javaagent:C:\Program Files\JetBrains\IntelliJ IDEA 2022.2.2\lib\idea_rt.jar=53797:C:\Program Files\JetBrains\IntelliJ IDEA 2022.2.2\bin -Dfile.encoding=UTF-8 com.jfarro.app.SportshopApplication

Host: AMD Ryzen 7 5700G with Radeon Graphics         , 16 cores, 15G,  Windows 10 , 64 bit Build 19041 (10.0.19041.2364)
Time: Thu Jan 19 17:39:46 2023 Hora est. Pacífico, Sudamérica elapsed time: 0.623134 seconds (0d 0h 0m 0s)

---------------  T H R E A D  ---------------

Current thread (0x000002851e6830f0):  JavaThread "restartedMain" [_thread_in_vm, id=784, stack(0x000000bf05e00000,0x000000bf05f00000)]

Stack: [0x000000bf05e00000,0x000000bf05f00000]
Native frames: (J=compiled Java code, j=interpreted, Vv=VM code, C=native code)
V  [jvm.dll+0x66f8ea]
V  [jvm.dll+0x7ce224]
V  [jvm.dll+0x7cf9ce]
V  [jvm.dll+0x7d0033]
V  [jvm.dll+0x242bb5]
V  [jvm.dll+0x7ca1cb]
V  [jvm.dll+0x615a46]
V  [jvm.dll+0x1be28e]
V  [jvm.dll+0x618381]
V  [jvm.dll+0x6163e6]
V  [jvm.dll+0x238617]
V  [jvm.dll+0x1e3ad3]
V  [jvm.dll+0x1e8886]
V  [jvm.dll+0x1de2e1]
V  [jvm.dll+0x5375c0]
V  [jvm.dll+0x749598]
V  [jvm.dll+0x749684]
V  [jvm.dll+0x4088c5]
V  [jvm.dll+0x40e918]
C  [java.dll+0x17ec]

Java frames: (J=compiled Java code, j=interpreted, Vv=VM code)
J 1101  java.lang.ClassLoader.defineClass1(Ljava/lang/ClassLoader;Ljava/lang/String;[BIILjava/security/ProtectionDomain;Ljava/lang/String;)Ljava/lang/Class; java.base@17 (0 bytes) @ 0x000002850df26ee3 [0x000002850df26e20+0x00000000000000c3]
J 1120 c1 java.lang.ClassLoader.defineClass(Ljava/lang/String;[BIILjava/security/ProtectionDomain;)Ljava/lang/Class; java.base@17 (43 bytes) @ 0x000002850df353ec [0x000002850df352e0+0x000000000000010c]
J 1106 c1 jdk.internal.loader.BuiltinClassLoader.defineClass(Ljava/lang/String;Ljdk/internal/loader/Resource;)Ljava/lang/Class; java.base@17 (121 bytes) @ 0x000002850df2f66c [0x000002850df2f1a0+0x00000000000004cc]
J 1103 c1 jdk.internal.loader.BuiltinClassLoader.findClassOnClassPathOrNull(Ljava/lang/String;)Ljava/lang/Class; java.base@17 (64 bytes) @ 0x000002850df2cdc4 [0x000002850df2cb00+0x00000000000002c4]
J 924 c1 jdk.internal.loader.BuiltinClassLoader.loadClassOrNull(Ljava/lang/String;Z)Ljava/lang/Class; java.base@17 (143 bytes) @ 0x000002850ded4b04 [0x000002850ded4680+0x0000000000000484]
J 1011 c1 jdk.internal.loader.ClassLoaders$AppClassLoader.loadClass(Ljava/lang/String;Z)Ljava/lang/Class; java.base@17 (40 bytes) @ 0x000002850df035ac [0x000002850df03460+0x000000000000014c]
J 1010 c1 java.lang.ClassLoader.loadClass(Ljava/lang/String;)Ljava/lang/Class; java.base@17 (7 bytes) @ 0x000002850df016e4 [0x000002850df016a0+0x0000000000000044]
v  ~StubRoutines::call_stub
j  org.springframework.context.support.AbstractApplicationContext.prepareBeanFactory(Lorg/springframework/beans/factory/config/ConfigurableListableBeanFactory;)V+11
j  org.springframework.context.support.AbstractApplicationContext.refresh()V+30
j  org.springframework.boot.web.servlet.context.ServletWebServerApplicationContext.refresh()V+1
j  org.springframework.boot.SpringApplication.refresh(Lorg/springframework/context/ConfigurableApplicationContext;)V+1
j  org.springframework.boot.SpringApplication.refreshContext(Lorg/springframework/context/ConfigurableApplicationContext;)V+16
j  org.springframework.boot.SpringApplication.run([Ljava/lang/String;)Lorg/springframework/context/ConfigurableApplicationContext;+101
j  org.springframework.boot.SpringApplication.run([Ljava/lang/Class;[Ljava/lang/String;)Lorg/springframework/context/ConfigurableApplicationContext;+9
j  org.springframework.boot.SpringApplication.run(Ljava/lang/Class;[Ljava/lang/String;)Lorg/springframework/context/ConfigurableApplicationContext;+9
j  com.jfarro.app.SportshopApplication.main([Ljava/lang/String;)V+3
v  ~StubRoutines::call_stub
j  jdk.internal.reflect.NativeMethodAccessorImpl.invoke0(Ljava/lang/reflect/Method;Ljava/lang/Object;[Ljava/lang/Object;)Ljava/lang/Object;+0 java.base@17
j  jdk.internal.reflect.NativeMethodAccessorImpl.invoke(Ljava/lang/Object;[Ljava/lang/Object;)Ljava/lang/Object;+133 java.base@17
j  jdk.internal.reflect.DelegatingMethodAccessorImpl.invoke(Ljava/lang/Object;[Ljava/lang/Object;)Ljava/lang/Object;+6 java.base@17
j  java.lang.reflect.Method.invoke(Ljava/lang/Object;[Ljava/lang/Object;)Ljava/lang/Object;+59 java.base@17
j  org.springframework.boot.devtools.restart.RestartLauncher.run()V+42
v  ~StubRoutines::call_stub

---------------  P R O C E S S  ---------------

Threads class SMR info:
_java_thread_list=0x000002851e7db6d0, length=19, elements={
0x00000285062ecdf0, 0x000002851d335950, 0x000002851d3385d0, 0x000002851d34dad0,
0x000002851d34e390, 0x000002851d34ed40, 0x000002851d34f6f0, 0x000002851d350150,
0x000002851d354040, 0x000002851d322ac0, 0x000002851d323210, 0x000002851de09a20,
0x000002851de1bfd0, 0x000002851e202db0, 0x000002851e203280, 0x000002851e47f010,
0x000002851e67ffb0, 0x000002851e6830f0, 0x000002851e7c2a50
}

Java Threads: ( => current thread )
  0x00000285062ecdf0 JavaThread "main" [_thread_blocked, id=4024, stack(0x000000bf04000000,0x000000bf04100000)]
  0x000002851d335950 JavaThread "Reference Handler" daemon [_thread_blocked, id=19212, stack(0x000000bf04700000,0x000000bf04800000)]
  0x000002851d3385d0 JavaThread "Finalizer" daemon [_thread_blocked, id=16320, stack(0x000000bf04800000,0x000000bf04900000)]
  0x000002851d34dad0 JavaThread "Signal Dispatcher" daemon [_thread_blocked, id=5956, stack(0x000000bf04900000,0x000000bf04a00000)]
  0x000002851d34e390 JavaThread "Attach Listener" daemon [_thread_blocked, id=1944, stack(0x000000bf04a00000,0x000000bf04b00000)]
  0x000002851d34ed40 JavaThread "Service Thread" daemon [_thread_blocked, id=18484, stack(0x000000bf04b00000,0x000000bf04c00000)]
  0x000002851d34f6f0 JavaThread "Monitor Deflation Thread" daemon [_thread_blocked, id=17536, stack(0x000000bf04c00000,0x000000bf04d00000)]
  0x000002851d350150 JavaThread "C1 CompilerThread0" daemon [_thread_blocked, id=12588, stack(0x000000bf04d00000,0x000000bf04e00000)]
  0x000002851d354040 JavaThread "Sweeper thread" daemon [_thread_blocked, id=7800, stack(0x000000bf04e00000,0x000000bf04f00000)]
  0x000002851d322ac0 JavaThread "Common-Cleaner" daemon [_thread_blocked, id=7368, stack(0x000000bf04f00000,0x000000bf05000000)]
  0x000002851d323210 JavaThread "C1 CompilerThread1" daemon [_thread_blocked, id=15576, stack(0x000000bf05000000,0x000000bf05100000)]
  0x000002851de09a20 JavaThread "C1 CompilerThread2" daemon [_thread_blocked, id=3692, stack(0x000000bf05100000,0x000000bf05200000)]
  0x000002851de1bfd0 JavaThread "C1 CompilerThread3" daemon [_thread_blocked, id=9332, stack(0x000000bf05200000,0x000000bf05300000)]
  0x000002851e202db0 JavaThread "Monitor Ctrl-Break" daemon [_thread_in_native, id=11580, stack(0x000000bf05300000,0x000000bf05400000)]
  0x000002851e203280 JavaThread "Notification Thread" daemon [_thread_blocked, id=12052, stack(0x000000bf05400000,0x000000bf05500000)]
  0x000002851e47f010 JavaThread "RMI TCP Accept-0" daemon [_thread_in_native, id=14372, stack(0x000000bf05500000,0x000000bf05600000)]
  0x000002851e67ffb0 JavaThread "Thread-0" [_thread_blocked, id=15256, stack(0x000000bf05d00000,0x000000bf05e00000)]
=>0x000002851e6830f0 JavaThread "restartedMain" [_thread_in_vm, id=784, stack(0x000000bf05e00000,0x000000bf05f00000)]
  0x000002851e7c2a50 JavaThread "background-preinit" [_thread_in_vm, id=19432, stack(0x000000bf05f00000,0x000000bf06000000)]

Other Threads:
  0x000002851d330e50 VMThread "VM Thread" [stack: 0x000000bf04600000,0x000000bf04700000] [id=15748]
  0x000002851dde6000 WatcherThread [stack: 0x000000bf05600000,0x000000bf05700000] [id=18816]
  0x000002850633a900 GCTaskThread "GC Thread#0" [stack: 0x000000bf04100000,0x000000bf04200000] [id=16252]
  0x000002851e4b12a0 GCTaskThread "GC Thread#1" [stack: 0x000000bf05700000,0x000000bf05800000] [id=17336]
  0x000002851e4b1550 GCTaskThread "GC Thread#2" [stack: 0x000000bf05800000,0x000000bf05900000] [id=356]
  0x000002851e4b1800 GCTaskThread "GC Thread#3" [stack: 0x000000bf05900000,0x000000bf05a00000] [id=7712]
  0x000002851e63f030 GCTaskThread "GC Thread#4" [stack: 0x000000bf05a00000,0x000000bf05b00000] [id=8668]
  0x000002851e666ef0 GCTaskThread "GC Thread#5" [stack: 0x000000bf05b00000,0x000000bf05c00000] [id=11716]
  0x000002851e6675b0 GCTaskThread "GC Thread#6" [stack: 0x000000bf05c00000,0x000000bf05d00000] [id=17744]
  0x000002851e805bb0 GCTaskThread "GC Thread#7" [stack: 0x000000bf06000000,0x000000bf06100000] [id=12960]
  0x000002851e84f460 GCTaskThread "GC Thread#8" [stack: 0x000000bf06100000,0x000000bf06200000] [id=8272]
  0x000002850634bd20 ConcurrentGCThread "G1 Main Marker" [stack: 0x000000bf04200000,0x000000bf04300000] [id=2884]
  0x000002850634ced0 ConcurrentGCThread "G1 Conc#0" [stack: 0x000000bf04300000,0x000000bf04400000] [id=5816]
  0x00000285063b7190 ConcurrentGCThread "G1 Refine#0" [stack: 0x000000bf04400000,0x000000bf04500000] [id=16104]
  0x00000285063b7ab0 ConcurrentGCThread "G1 Service" [stack: 0x000000bf04500000,0x000000bf04600000] [id=14596]

Threads with active compile tasks:

VM state: not at safepoint (normal execution)

VM Mutex/Monitor currently owned by a thread:  ([mutex/lock_event])
[0x00000285062e6f30] Metaspace_lock - owner thread: 0x000002851e6830f0

Heap address: 0x000000070b200000, size: 3918 MB, Compressed Oops mode: Zero based, Oop shift amount: 3

CDS archive(s) mapped at: [0x0000000800000000-0x0000000800bc0000-0x0000000800bc0000), size 12320768, SharedBaseAddress: 0x0000000800000000, ArchiveRelocationMode: 0.
Compressed class space mapped at: 0x0000000800c00000-0x0000000840c00000, reserved size: 1073741824
Narrow klass base: 0x0000000800000000, Narrow klass shift: 0, Narrow klass range: 0x100000000

GC Precious Log:
 CPUs: 16 total, 16 available
 Memory: 15667M
 Large Page Support: Disabled
 NUMA Support: Disabled
 Compressed Oops: Enabled (Zero based)
 Heap Region Size: 2M
 Heap Min Capacity: 8M
 Heap Initial Capacity: 246M
 Heap Max Capacity: 3918M
 Pre-touch: Disabled
 Parallel Workers: 13
 Concurrent Workers: 3
 Concurrent Refinement Workers: 13
 Periodic GC: Disabled

Heap:
 garbage-first heap   total 251904K, used 20451K [0x000000070b200000, 0x0000000800000000)
  region size 2048K, 8 young (16384K), 1 survivors (2048K)
 Metaspace       used 12923K, committed 13120K, reserved 1064960K
  class space    used 1821K, committed 1920K, reserved 1048576K

Heap Regions: E=young(eden), S=young(survivor), O=old, HS=humongous(starts), HC=humongous(continues), CS=collection set, F=free, OA=open archive, CA=closed archive, TAMS=top-at-mark-start (previous, next)
|   0|0x000000070b200000, 0x000000070b400000, 0x000000070b400000|100%| O|  |TAMS 0x000000070b200000, 0x000000070b200000| Untracked 
|   1|0x000000070b400000, 0x000000070b600000, 0x000000070b600000|100%| O|  |TAMS 0x000000070b400000, 0x000000070b400000| Untracked 
|   2|0x000000070b600000, 0x000000070b800000, 0x000000070b800000|100%| O|  |TAMS 0x000000070b600000, 0x000000070b600000| Untracked 
|   3|0x000000070b800000, 0x000000070b870200, 0x000000070ba00000| 21%| O|  |TAMS 0x000000070b800000, 0x000000070b800000| Untracked 
|   4|0x000000070ba00000, 0x000000070ba00000, 0x000000070bc00000|  0%| F|  |TAMS 0x000000070ba00000, 0x000000070ba00000| Untracked 
|   5|0x000000070bc00000, 0x000000070bc00000, 0x000000070be00000|  0%| F|  |TAMS 0x000000070bc00000, 0x000000070bc00000| Untracked 
|   6|0x000000070be00000, 0x000000070be00000, 0x000000070c000000|  0%| F|  |TAMS 0x000000070be00000, 0x000000070be00000| Untracked 
|   7|0x000000070c000000, 0x000000070c000000, 0x000000070c200000|  0%| F|  |TAMS 0x000000070c000000, 0x000000070c000000| Untracked 
|   8|0x000000070c200000, 0x000000070c200000, 0x000000070c400000|  0%| F|  |TAMS 0x000000070c200000, 0x000000070c200000| Untracked 
|   9|0x000000070c400000, 0x000000070c400000, 0x000000070c600000|  0%| F|  |TAMS 0x000000070c400000, 0x000000070c400000| Untracked 
|  10|0x000000070c600000, 0x000000070c600000, 0x000000070c800000|  0%| F|  |TAMS 0x000000070c600000, 0x000000070c600000| Untracked 
|  11|0x000000070c800000, 0x000000070c800000, 0x000000070ca00000|  0%| F|  |TAMS 0x000000070c800000, 0x000000070c800000| Untracked 
|  12|0x000000070ca00000, 0x000000070ca00000, 0x000000070cc00000|  0%| F|  |TAMS 0x000000070ca00000, 0x000000070ca00000| Untracked 
|  13|0x000000070cc00000, 0x000000070cc00000, 0x000000070ce00000|  0%| F|  |TAMS 0x000000070cc00000, 0x000000070cc00000| Untracked 
|  14|0x000000070ce00000, 0x000000070ce00000, 0x000000070d000000|  0%| F|  |TAMS 0x000000070ce00000, 0x000000070ce00000| Untracked 
|  15|0x000000070d000000, 0x000000070d000000, 0x000000070d200000|  0%| F|  |TAMS 0x000000070d000000, 0x000000070d000000| Untracked 
|  16|0x000000070d200000, 0x000000070d200000, 0x000000070d400000|  0%| F|  |TAMS 0x000000070d200000, 0x000000070d200000| Untracked 
|  17|0x000000070d400000, 0x000000070d400000, 0x000000070d600000|  0%| F|  |TAMS 0x000000070d400000, 0x000000070d400000| Untracked 
|  18|0x000000070d600000, 0x000000070d600000, 0x000000070d800000|  0%| F|  |TAMS 0x000000070d600000, 0x000000070d600000| Untracked 
|  19|0x000000070d800000, 0x000000070d800000, 0x000000070da00000|  0%| F|  |TAMS 0x000000070d800000, 0x000000070d800000| Untracked 
|  20|0x000000070da00000, 0x000000070da00000, 0x000000070dc00000|  0%| F|  |TAMS 0x000000070da00000, 0x000000070da00000| Untracked 
|  21|0x000000070dc00000, 0x000000070dc00000, 0x000000070de00000|  0%| F|  |TAMS 0x000000070dc00000, 0x000000070dc00000| Untracked 
|  22|0x000000070de00000, 0x000000070de00000, 0x000000070e000000|  0%| F|  |TAMS 0x000000070de00000, 0x000000070de00000| Untracked 
|  23|0x000000070e000000, 0x000000070e000000, 0x000000070e200000|  0%| F|  |TAMS 0x000000070e000000, 0x000000070e000000| Untracked 
|  24|0x000000070e200000, 0x000000070e200000, 0x000000070e400000|  0%| F|  |TAMS 0x000000070e200000, 0x000000070e200000| Untracked 
|  25|0x000000070e400000, 0x000000070e400000, 0x000000070e600000|  0%| F|  |TAMS 0x000000070e400000, 0x000000070e400000| Untracked 
|  26|0x000000070e600000, 0x000000070e600000, 0x000000070e800000|  0%| F|  |TAMS 0x000000070e600000, 0x000000070e600000| Untracked 
|  27|0x000000070e800000, 0x000000070e800000, 0x000000070ea00000|  0%| F|  |TAMS 0x000000070e800000, 0x000000070e800000| Untracked 
|  28|0x000000070ea00000, 0x000000070ea00000, 0x000000070ec00000|  0%| F|  |TAMS 0x000000070ea00000, 0x000000070ea00000| Untracked 
|  29|0x000000070ec00000, 0x000000070ec00000, 0x000000070ee00000|  0%| F|  |TAMS 0x000000070ec00000, 0x000000070ec00000| Untracked 
|  30|0x000000070ee00000, 0x000000070ee00000, 0x000000070f000000|  0%| F|  |TAMS 0x000000070ee00000, 0x000000070ee00000| Untracked 
|  31|0x000000070f000000, 0x000000070f000000, 0x000000070f200000|  0%| F|  |TAMS 0x000000070f000000, 0x000000070f000000| Untracked 
|  32|0x000000070f200000, 0x000000070f200000, 0x000000070f400000|  0%| F|  |TAMS 0x000000070f200000, 0x000000070f200000| Untracked 
|  33|0x000000070f400000, 0x000000070f400000, 0x000000070f600000|  0%| F|  |TAMS 0x000000070f400000, 0x000000070f400000| Untracked 
|  34|0x000000070f600000, 0x000000070f600000, 0x000000070f800000|  0%| F|  |TAMS 0x000000070f600000, 0x000000070f600000| Untracked 
|  35|0x000000070f800000, 0x000000070f800000, 0x000000070fa00000|  0%| F|  |TAMS 0x000000070f800000, 0x000000070f800000| Untracked 
|  36|0x000000070fa00000, 0x000000070fa00000, 0x000000070fc00000|  0%| F|  |TAMS 0x000000070fa00000, 0x000000070fa00000| Untracked 
|  37|0x000000070fc00000, 0x000000070fc00000, 0x000000070fe00000|  0%| F|  |TAMS 0x000000070fc00000, 0x000000070fc00000| Untracked 
|  38|0x000000070fe00000, 0x000000070fe00000, 0x0000000710000000|  0%| F|  |TAMS 0x000000070fe00000, 0x000000070fe00000| Untracked 
|  39|0x0000000710000000, 0x0000000710000000, 0x0000000710200000|  0%| F|  |TAMS 0x0000000710000000, 0x0000000710000000| Untracked 
|  40|0x0000000710200000, 0x0000000710200000, 0x0000000710400000|  0%| F|  |TAMS 0x0000000710200000, 0x0000000710200000| Untracked 
|  41|0x0000000710400000, 0x0000000710400000, 0x0000000710600000|  0%| F|  |TAMS 0x0000000710400000, 0x0000000710400000| Untracked 
|  42|0x0000000710600000, 0x0000000710600000, 0x0000000710800000|  0%| F|  |TAMS 0x0000000710600000, 0x0000000710600000| Untracked 
|  43|0x0000000710800000, 0x0000000710800000, 0x0000000710a00000|  0%| F|  |TAMS 0x0000000710800000, 0x0000000710800000| Untracked 
|  44|0x0000000710a00000, 0x0000000710a00000, 0x0000000710c00000|  0%| F|  |TAMS 0x0000000710a00000, 0x0000000710a00000| Untracked 
|  45|0x0000000710c00000, 0x0000000710c00000, 0x0000000710e00000|  0%| F|  |TAMS 0x0000000710c00000, 0x0000000710c00000| Untracked 
|  46|0x0000000710e00000, 0x0000000710e00000, 0x0000000711000000|  0%| F|  |TAMS 0x0000000710e00000, 0x0000000710e00000| Untracked 
|  47|0x0000000711000000, 0x0000000711000000, 0x0000000711200000|  0%| F|  |TAMS 0x0000000711000000, 0x0000000711000000| Untracked 
|  48|0x0000000711200000, 0x0000000711200000, 0x0000000711400000|  0%| F|  |TAMS 0x0000000711200000, 0x0000000711200000| Untracked 
|  49|0x0000000711400000, 0x0000000711400000, 0x0000000711600000|  0%| F|  |TAMS 0x0000000711400000, 0x0000000711400000| Untracked 
|  50|0x0000000711600000, 0x0000000711600000, 0x0000000711800000|  0%| F|  |TAMS 0x0000000711600000, 0x0000000711600000| Untracked 
|  51|0x0000000711800000, 0x0000000711800000, 0x0000000711a00000|  0%| F|  |TAMS 0x0000000711800000, 0x0000000711800000| Untracked 
|  52|0x0000000711a00000, 0x0000000711a00000, 0x0000000711c00000|  0%| F|  |TAMS 0x0000000711a00000, 0x0000000711a00000| Untracked 
|  53|0x0000000711c00000, 0x0000000711c00000, 0x0000000711e00000|  0%| F|  |TAMS 0x0000000711c00000, 0x0000000711c00000| Untracked 
|  54|0x0000000711e00000, 0x0000000711e00000, 0x0000000712000000|  0%| F|  |TAMS 0x0000000711e00000, 0x0000000711e00000| Untracked 
|  55|0x0000000712000000, 0x0000000712000000, 0x0000000712200000|  0%| F|  |TAMS 0x0000000712000000, 0x0000000712000000| Untracked 
|  56|0x0000000712200000, 0x0000000712200000, 0x0000000712400000|  0%| F|  |TAMS 0x0000000712200000, 0x0000000712200000| Untracked 
|  57|0x0000000712400000, 0x0000000712400000, 0x0000000712600000|  0%| F|  |TAMS 0x0000000712400000, 0x0000000712400000| Untracked 
|  58|0x0000000712600000, 0x0000000712600000, 0x0000000712800000|  0%| F|  |TAMS 0x0000000712600000, 0x0000000712600000| Untracked 
|  59|0x0000000712800000, 0x0000000712800000, 0x0000000712a00000|  0%| F|  |TAMS 0x0000000712800000, 0x0000000712800000| Untracked 
|  60|0x0000000712a00000, 0x0000000712a00000, 0x0000000712c00000|  0%| F|  |TAMS 0x0000000712a00000, 0x0000000712a00000| Untracked 
|  61|0x0000000712c00000, 0x0000000712c00000, 0x0000000712e00000|  0%| F|  |TAMS 0x0000000712c00000, 0x0000000712c00000| Untracked 
|  62|0x0000000712e00000, 0x0000000712e00000, 0x0000000713000000|  0%| F|  |TAMS 0x0000000712e00000, 0x0000000712e00000| Untracked 
|  63|0x0000000713000000, 0x0000000713000000, 0x0000000713200000|  0%| F|  |TAMS 0x0000000713000000, 0x0000000713000000| Untracked 
|  64|0x0000000713200000, 0x0000000713200000, 0x0000000713400000|  0%| F|  |TAMS 0x0000000713200000, 0x0000000713200000| Untracked 
|  65|0x0000000713400000, 0x0000000713400000, 0x0000000713600000|  0%| F|  |TAMS 0x0000000713400000, 0x0000000713400000| Untracked 
|  66|0x0000000713600000, 0x0000000713600000, 0x0000000713800000|  0%| F|  |TAMS 0x0000000713600000, 0x0000000713600000| Untracked 
|  67|0x0000000713800000, 0x0000000713800000, 0x0000000713a00000|  0%| F|  |TAMS 0x0000000713800000, 0x0000000713800000| Untracked 
|  68|0x0000000713a00000, 0x0000000713a00000, 0x0000000713c00000|  0%| F|  |TAMS 0x0000000713a00000, 0x0000000713a00000| Untracked 
|  69|0x0000000713c00000, 0x0000000713c00000, 0x0000000713e00000|  0%| F|  |TAMS 0x0000000713c00000, 0x0000000713c00000| Untracked 
|  70|0x0000000713e00000, 0x0000000713e00000, 0x0000000714000000|  0%| F|  |TAMS 0x0000000713e00000, 0x0000000713e00000| Untracked 
|  71|0x0000000714000000, 0x0000000714000000, 0x0000000714200000|  0%| F|  |TAMS 0x0000000714000000, 0x0000000714000000| Untracked 
|  72|0x0000000714200000, 0x0000000714200000, 0x0000000714400000|  0%| F|  |TAMS 0x0000000714200000, 0x0000000714200000| Untracked 
|  73|0x0000000714400000, 0x0000000714400000, 0x0000000714600000|  0%| F|  |TAMS 0x0000000714400000, 0x0000000714400000| Untracked 
|  74|0x0000000714600000, 0x0000000714600000, 0x0000000714800000|  0%| F|  |TAMS 0x0000000714600000, 0x0000000714600000| Untracked 
|  75|0x0000000714800000, 0x0000000714800000, 0x0000000714a00000|  0%| F|  |TAMS 0x0000000714800000, 0x0000000714800000| Untracked 
|  76|0x0000000714a00000, 0x0000000714a00000, 0x0000000714c00000|  0%| F|  |TAMS 0x0000000714a00000, 0x0000000714a00000| Untracked 
|  77|0x0000000714c00000, 0x0000000714c00000, 0x0000000714e00000|  0%| F|  |TAMS 0x0000000714c00000, 0x0000000714c00000| Untracked 
|  78|0x0000000714e00000, 0x0000000714e00000, 0x0000000715000000|  0%| F|  |TAMS 0x0000000714e00000, 0x0000000714e00000| Untracked 
|  79|0x0000000715000000, 0x0000000715000000, 0x0000000715200000|  0%| F|  |TAMS 0x0000000715000000, 0x0000000715000000| Untracked 
|  80|0x0000000715200000, 0x0000000715200000, 0x0000000715400000|  0%| F|  |TAMS 0x0000000715200000, 0x0000000715200000| Untracked 
|  81|0x0000000715400000, 0x0000000715400000, 0x0000000715600000|  0%| F|  |TAMS 0x0000000715400000, 0x0000000715400000| Untracked 
|  82|0x0000000715600000, 0x0000000715600000, 0x0000000715800000|  0%| F|  |TAMS 0x0000000715600000, 0x0000000715600000| Untracked 
|  83|0x0000000715800000, 0x0000000715800000, 0x0000000715a00000|  0%| F|  |TAMS 0x0000000715800000, 0x0000000715800000| Untracked 
|  84|0x0000000715a00000, 0x0000000715a00000, 0x0000000715c00000|  0%| F|  |TAMS 0x0000000715a00000, 0x0000000715a00000| Untracked 
|  85|0x0000000715c00000, 0x0000000715c00000, 0x0000000715e00000|  0%| F|  |TAMS 0x0000000715c00000, 0x0000000715c00000| Untracked 
|  86|0x0000000715e00000, 0x0000000715e00000, 0x0000000716000000|  0%| F|  |TAMS 0x0000000715e00000, 0x0000000715e00000| Untracked 
|  87|0x0000000716000000, 0x0000000716000000, 0x0000000716200000|  0%| F|  |TAMS 0x0000000716000000, 0x0000000716000000| Untracked 
|  88|0x0000000716200000, 0x0000000716200000, 0x0000000716400000|  0%| F|  |TAMS 0x0000000716200000, 0x0000000716200000| Untracked 
|  89|0x0000000716400000, 0x0000000716400000, 0x0000000716600000|  0%| F|  |TAMS 0x0000000716400000, 0x0000000716400000| Untracked 
|  90|0x0000000716600000, 0x0000000716600000, 0x0000000716800000|  0%| F|  |TAMS 0x0000000716600000, 0x0000000716600000| Untracked 
|  91|0x0000000716800000, 0x0000000716800000, 0x0000000716a00000|  0%| F|  |TAMS 0x0000000716800000, 0x0000000716800000| Untracked 
|  92|0x0000000716a00000, 0x0000000716a00000, 0x0000000716c00000|  0%| F|  |TAMS 0x0000000716a00000, 0x0000000716a00000| Untracked 
|  93|0x0000000716c00000, 0x0000000716c00000, 0x0000000716e00000|  0%| F|  |TAMS 0x0000000716c00000, 0x0000000716c00000| Untracked 
|  94|0x0000000716e00000, 0x0000000716e00000, 0x0000000717000000|  0%| F|  |TAMS 0x0000000716e00000, 0x0000000716e00000| Untracked 
|  95|0x0000000717000000, 0x0000000717000000, 0x0000000717200000|  0%| F|  |TAMS 0x0000000717000000, 0x0000000717000000| Untracked 
|  96|0x0000000717200000, 0x0000000717200000, 0x0000000717400000|  0%| F|  |TAMS 0x0000000717200000, 0x0000000717200000| Untracked 
|  97|0x0000000717400000, 0x0000000717400000, 0x0000000717600000|  0%| F|  |TAMS 0x0000000717400000, 0x0000000717400000| Untracked 
|  98|0x0000000717600000, 0x0000000717600000, 0x0000000717800000|  0%| F|  |TAMS 0x0000000717600000, 0x0000000717600000| Untracked 
|  99|0x0000000717800000, 0x0000000717800000, 0x0000000717a00000|  0%| F|  |TAMS 0x0000000717800000, 0x0000000717800000| Untracked 
| 100|0x0000000717a00000, 0x0000000717a00000, 0x0000000717c00000|  0%| F|  |TAMS 0x0000000717a00000, 0x0000000717a00000| Untracked 
| 101|0x0000000717c00000, 0x0000000717c00000, 0x0000000717e00000|  0%| F|  |TAMS 0x0000000717c00000, 0x0000000717c00000| Untracked 
| 102|0x0000000717e00000, 0x0000000717e00000, 0x0000000718000000|  0%| F|  |TAMS 0x0000000717e00000, 0x0000000717e00000| Untracked 
| 103|0x0000000718000000, 0x0000000718000000, 0x0000000718200000|  0%| F|  |TAMS 0x0000000718000000, 0x0000000718000000| Untracked 
| 104|0x0000000718200000, 0x0000000718200000, 0x0000000718400000|  0%| F|  |TAMS 0x0000000718200000, 0x0000000718200000| Untracked 
| 105|0x0000000718400000, 0x0000000718400000, 0x0000000718600000|  0%| F|  |TAMS 0x0000000718400000, 0x0000000718400000| Untracked 
| 106|0x0000000718600000, 0x0000000718600000, 0x0000000718800000|  0%| F|  |TAMS 0x0000000718600000, 0x0000000718600000| Untracked 
| 107|0x0000000718800000, 0x0000000718988a38, 0x0000000718a00000| 76%| S|CS|TAMS 0x0000000718800000, 0x0000000718800000| Complete 
| 108|0x0000000718a00000, 0x0000000718a00000, 0x0000000718c00000|  0%| F|  |TAMS 0x0000000718a00000, 0x0000000718a00000| Untracked 
| 109|0x0000000718c00000, 0x0000000718c00000, 0x0000000718e00000|  0%| F|  |TAMS 0x0000000718c00000, 0x0000000718c00000| Untracked 
| 110|0x0000000718e00000, 0x0000000718e00000, 0x0000000719000000|  0%| F|  |TAMS 0x0000000718e00000, 0x0000000718e00000| Untracked 
| 111|0x0000000719000000, 0x0000000719000000, 0x0000000719200000|  0%| F|  |TAMS 0x0000000719000000, 0x0000000719000000| Untracked 
| 112|0x0000000719200000, 0x0000000719200000, 0x0000000719400000|  0%| F|  |TAMS 0x0000000719200000, 0x0000000719200000| Untracked 
| 113|0x0000000719400000, 0x0000000719400000, 0x0000000719600000|  0%| F|  |TAMS 0x0000000719400000, 0x0000000719400000| Untracked 
| 114|0x0000000719600000, 0x0000000719600000, 0x0000000719800000|  0%| F|  |TAMS 0x0000000719600000, 0x0000000719600000| Untracked 
| 115|0x0000000719800000, 0x0000000719800000, 0x0000000719a00000|  0%| F|  |TAMS 0x0000000719800000, 0x0000000719800000| Untracked 
| 116|0x0000000719a00000, 0x0000000719a63a88, 0x0000000719c00000| 19%| E|  |TAMS 0x0000000719a00000, 0x0000000719a00000| Complete 
| 117|0x0000000719c00000, 0x0000000719e00000, 0x0000000719e00000|100%| E|CS|TAMS 0x0000000719c00000, 0x0000000719c00000| Complete 
| 118|0x0000000719e00000, 0x000000071a000000, 0x000000071a000000|100%| E|CS|TAMS 0x0000000719e00000, 0x0000000719e00000| Complete 
| 119|0x000000071a000000, 0x000000071a200000, 0x000000071a200000|100%| E|CS|TAMS 0x000000071a000000, 0x000000071a000000| Complete 
| 120|0x000000071a200000, 0x000000071a400000, 0x000000071a400000|100%| E|CS|TAMS 0x000000071a200000, 0x000000071a200000| Complete 
| 121|0x000000071a400000, 0x000000071a600000, 0x000000071a600000|100%| E|CS|TAMS 0x000000071a400000, 0x000000071a400000| Complete 
| 122|0x000000071a600000, 0x000000071a800000, 0x000000071a800000|100%| E|CS|TAMS 0x000000071a600000, 0x000000071a600000| Complete 

Card table byte_map: [0x00000285118f0000,0x00000285120a0000] _byte_map_base: 0x000002850e097000

Marking Bits (Prev, Next): (CMBitMap*) 0x000002850633bf20, (CMBitMap*) 0x000002850633bf60
 Prev Bits: [0x0000028512850000, 0x0000028516588000)
 Next Bits: [0x0000028516590000, 0x000002851a2c8000)

Polling page: 0x0000028504290000

Metaspace:

Usage:
  Non-class:     10.84 MB used.
      Class:      1.78 MB used.
       Both:     12.62 MB used.

Virtual space:
  Non-class space:       16.00 MB reserved,      10.94 MB ( 68%) committed,  2 nodes.
      Class space:        1.00 GB reserved,       1.88 MB ( <1%) committed,  1 nodes.
             Both:        1.02 GB reserved,      12.81 MB (  1%) committed. 

Chunk freelists:
   Non-Class:  944.00 KB
       Class:  2.14 MB
        Both:  3.06 MB

MaxMetaspaceSize: unlimited
CompressedClassSpaceSize: 1.00 GB
Initial GC threshold: 21.00 MB
Current GC threshold: 21.00 MB
CDS: on
MetaspaceReclaimPolicy: balanced
 - commit_granule_bytes: 65536.
 - commit_granule_words: 8192.
 - virtual_space_node_default_size: 1048576.
 - enlarge_chunks_in_place: 1.
 - new_chunks_are_fully_committed: 0.
 - uncommit_free_chunks: 1.
 - use_allocation_guard: 0.
 - handle_deallocations: 1.


Internal statistics:

num_allocs_failed_limit: 0.
num_arena_births: 188.
num_arena_deaths: 0.
num_vsnodes_births: 3.
num_vsnodes_deaths: 0.
num_space_committed: 205.
num_space_uncommitted: 0.
num_chunks_returned_to_freelist: 0.
num_chunks_taken_from_freelist: 531.
num_chunk_merges: 0.
num_chunk_splits: 356.
num_chunks_enlarged: 268.
num_purges: 0.
num_inconsistent_stats: 0.

CodeCache: size=49152Kb used=5833Kb max_used=5833Kb free=43318Kb
 bounds [0x000002850dae0000, 0x000002850e0a0000, 0x0000028510ae0000]
 total_blobs=2475 nmethods=1998 adapters=401
 compilation: disabled (not enough contiguous free space left)
              stopped_count=1, restarted_count=0
 full_count=1

Compilation events (20 events):
Event: 0.615 Thread 0x000002851de1bfd0 1990       1       java.lang.invoke.LambdaForm$MH/0x0000000800c03400::invoke (27 bytes)
Event: 0.615 Thread 0x000002851d350150 1991       1       java.lang.reflect.Executable::getDeclaredAnnotations (8 bytes)
Event: 0.615 Thread 0x000002851de1bfd0 nmethod 1990 0x000002850e08d190 code [0x000002850e08d340, 0x000002850e08d4b8]
Event: 0.615 Thread 0x000002851d323210 1992       1       org.springframework.core.annotation.AnnotationsScanner::getDeclaredAnnotations (166 bytes)
Event: 0.615 Thread 0x000002851d350150 nmethod 1991 0x000002850e08d590 code [0x000002850e08d740, 0x000002850e08d8c8]
Event: 0.615 Thread 0x000002851d350150 1993       1       java.lang.reflect.Method::getDeclaredAnnotations (5 bytes)
Event: 0.615 Thread 0x000002851d350150 nmethod 1993 0x000002850e08d990 code [0x000002850e08db40, 0x000002850e08dcc8]
Event: 0.615 Thread 0x000002851d350150 1994       1       org.springframework.core.annotation.AnnotationTypeMapping::getDistance (5 bytes)
Event: 0.615 Thread 0x000002851d350150 nmethod 1994 0x000002850e08dd90 code [0x000002850e08df20, 0x000002850e08dff8]
Event: 0.615 Thread 0x000002851d323210 nmethod 1992 0x000002850e08e090 code [0x000002850e08e2e0, 0x000002850e08e8b8]
Event: 0.615 Thread 0x000002851d350150 1995       1       org.springframework.core.annotation.PackagesAnnotationFilter::matches (42 bytes)
Event: 0.616 Thread 0x000002851d350150 nmethod 1995 0x000002850e08eb90 code [0x000002850e08ed40, 0x000002850e08eec8]
Event: 0.616 Thread 0x000002851d350150 1996       1       org.springframework.core.annotation.AnnotationFilter::matches (11 bytes)
Event: 0.616 Thread 0x000002851d350150 nmethod 1996 0x000002850e08f010 code [0x000002850e08f1c0, 0x000002850e08f2f8]
Event: 0.618 Thread 0x000002851d350150 1997       1       java.lang.reflect.AccessibleObject::checkCanSetAccessible (368 bytes)
Event: 0.618 Thread 0x000002851de1bfd0 1998       1       sun.invoke.util.VerifyAccess::isModuleAccessible (97 bytes)
Event: 0.618 Thread 0x000002851de1bfd0 nmethod 1998 0x000002850e08f410 code [0x000002850e08f640, 0x000002850e08fbc8]
Event: 0.618 Thread 0x000002851de1bfd0 1999       1       ch.qos.logback.classic.spi.LogbackServiceProvider::getLoggerFactory (5 bytes)
Event: 0.619 Thread 0x000002851de1bfd0 

Event: 0.619 Thread 0x000002851d350150 nmethod 1997 0x000002850e08fe90 code [0x000002850e090320, 0x000002850e091aa8]

GC Heap History (4 events):
Event: 0.331 GC heap before
{Heap before GC invocations=0 (full 0):
 garbage-first heap   total 251904K, used 20480K [0x000000070b200000, 0x0000000800000000)
  region size 2048K, 11 young (22528K), 0 survivors (0K)
 Metaspace       used 6542K, committed 6720K, reserved 1056768K
  class space    used 829K, committed 896K, reserved 1048576K
}
Event: 0.334 GC heap after
{Heap after GC invocations=1 (full 0):
 garbage-first heap   total 251904K, used 7096K [0x000000070b200000, 0x0000000800000000)
  region size 2048K, 2 young (4096K), 2 survivors (4096K)
 Metaspace       used 6542K, committed 6720K, reserved 1056768K
  class space    used 829K, committed 896K, reserved 1048576K
}
Event: 0.568 GC heap before
{Heap before GC invocations=1 (full 0):
 garbage-first heap   total 251904K, used 33720K [0x000000070b200000, 0x0000000800000000)
  region size 2048K, 15 young (30720K), 2 survivors (4096K)
 Metaspace       used 11131K, committed 11456K, reserved 1064960K
  class space    used 1522K, committed 1664K, reserved 1048576K
}
Event: 0.570 GC heap after
{Heap after GC invocations=2 (full 0):
 garbage-first heap   total 251904K, used 8163K [0x000000070b200000, 0x0000000800000000)
  region size 2048K, 1 young (2048K), 1 survivors (2048K)
 Metaspace       used 11131K, committed 11456K, reserved 1064960K
  class space    used 1522K, committed 1664K, reserved 1048576K
}

Deoptimization events (6 events):
Event: 0.232 Thread 0x00000285062ecdf0 DEOPT PACKING pc=0x000002850dde68ad sp=0x000000bf040fe150
Event: 0.232 Thread 0x00000285062ecdf0 DEOPT UNPACKING pc=0x000002850db32b43 sp=0x000000bf040fd6b0 mode 3
Event: 0.306 Thread 0x00000285062ecdf0 DEOPT PACKING pc=0x000002850de48901 sp=0x000000bf040fdab0
Event: 0.306 Thread 0x00000285062ecdf0 DEOPT UNPACKING pc=0x000002850db32b43 sp=0x000000bf040fcf08 mode 3
Event: 0.608 Thread 0x000002851e6830f0 DEOPT PACKING pc=0x000002850e07d579 sp=0x000000bf05efc870
Event: 0.608 Thread 0x000002851e6830f0 DEOPT UNPACKING pc=0x000002850db32b43 sp=0x000000bf05efbd50 mode 3

Classes unloaded (0 events):
No events

Classes redefined (0 events):
No events

Internal exceptions (20 events):
Event: 0.461 Thread 0x000002851e6830f0 Exception <a 'java/lang/NoSuchMethodError'{0x0000000719916758}: 'java.lang.Object java.lang.invoke.DirectMethodHandle$Holder.invokeSpecial(java.lang.Object, java.lang.Object, java.lang.Object, java.lang.Object, java.lang.Object, java.lang.Object, int)'> (0x0000000719916758) 
thrown [t:\workspace\open\src\hotspot\share\interpreter\linkResolver.cpp, line 766]
Event: 0.461 Thread 0x000002851e6830f0 Exception <a 'java/lang/NoSuchMethodError'{0x0000000719920cc0}: 'java.lang.Object java.lang.invoke.DirectMethodHandle$Holder.newInvokeSpecial(java.lang.Object, java.lang.Object, java.lang.Object, java.lang.Object, java.lang.Object, java.lang.Object, int)'> (0x0000000719920cc0) 
thrown [t:\workspace\open\src\hotspot\share\interpreter\linkResolver.cpp, line 766]
Event: 0.461 Thread 0x000002851e6830f0 Exception <a 'java/lang/NoSuchMethodError'{0x0000000719925d00}: 'java.lang.Object java.lang.invoke.DirectMethodHandle$Holder.invokeSpecial(java.lang.Object, java.lang.Object, java.lang.Object, java.lang.Object, java.lang.Object, java.lang.Object, java.lang.Object, int)'> (0x0000000719925d00) 
thrown [t:\workspace\open\src\hotspot\share\interpreter\linkResolver.cpp, line 766]
Event: 0.492 Thread 0x000002851e6830f0 Exception <a 'java/lang/NoSuchMethodError'{0x0000000719793960}: 'java.lang.Object java.lang.invoke.DirectMethodHandle$Holder.invokeSpecial(java.lang.Object, java.lang.Object, java.lang.Object, int, java.lang.Object)'> (0x0000000719793960) 
thrown [t:\workspace\open\src\hotspot\share\interpreter\linkResolver.cpp, line 766]
Event: 0.492 Thread 0x000002851e6830f0 Exception <a 'java/lang/NoSuchMethodError'{0x000000071979c1b8}: 'java.lang.Object java.lang.invoke.DirectMethodHandle$Holder.newInvokeSpecial(java.lang.Object, java.lang.Object, java.lang.Object, int, java.lang.Object)'> (0x000000071979c1b8) 
thrown [t:\workspace\open\src\hotspot\share\interpreter\linkResolver.cpp, line 766]
Event: 0.493 Thread 0x000002851e6830f0 Exception <a 'java/lang/NoSuchMethodError'{0x00000007197a3b88}: 'java.lang.Object java.lang.invoke.Invokers$Holder.linkToTargetMethod(java.lang.Object, java.lang.Object, int, java.lang.Object, java.lang.Object)'> (0x00000007197a3b88) 
thrown [t:\workspace\open\src\hotspot\share\interpreter\linkResolver.cpp, line 766]
Event: 0.493 Thread 0x000002851e6830f0 Exception <a 'java/lang/NoSuchMethodError'{0x00000007197b38b8}: 'java.lang.Object java.lang.invoke.DirectMethodHandle$Holder.newInvokeSpecial(java.lang.Object, int, java.lang.Object)'> (0x00000007197b38b8) 
thrown [t:\workspace\open\src\hotspot\share\interpreter\linkResolver.cpp, line 766]
Event: 0.493 Thread 0x000002851e6830f0 Exception <a 'java/lang/NoSuchMethodError'{0x00000007197b82f8}: 'int java.lang.invoke.DirectMethodHandle$Holder.invokeSpecialIFC(java.lang.Object, java.lang.Object, java.lang.Object, java.lang.Object)'> (0x00000007197b82f8) 
thrown [t:\workspace\open\src\hotspot\share\interpreter\linkResolver.cpp, line 766]
Event: 0.501 Thread 0x000002851e6830f0 Exception <a 'java/lang/NoSuchMethodError'{0x0000000719481368}: 'void java.lang.invoke.DirectMethodHandle$Holder.invokeInterface(java.lang.Object, java.lang.Object, java.lang.Object)'> (0x0000000719481368) 
thrown [t:\workspace\open\src\hotspot\share\interpreter\linkResolver.cpp, line 766]
Event: 0.520 Thread 0x000002851e6830f0 Exception <a 'java/lang/NoSuchMethodError'{0x00000007195f1740}: 'void java.lang.invoke.DirectMethodHandle$Holder.invokeStatic(java.lang.Object, java.lang.Object, int)'> (0x00000007195f1740) 
thrown [t:\workspace\open\src\hotspot\share\interpreter\linkResolver.cpp, line 766]
Event: 0.520 Thread 0x000002851e6830f0 Exception <a 'java/lang/NoSuchMethodError'{0x00000007195f9558}: 'void java.lang.invoke.DirectMethodHandle$Holder.invokeStaticInit(java.lang.Object, java.lang.Object)'> (0x00000007195f9558) 
thrown [t:\workspace\open\src\hotspot\share\interpreter\linkResolver.cpp, line 766]
Event: 0.521 Thread 0x000002851e6830f0 Exception <a 'java/lang/NoSuchMethodError'{0x0000000719207468}: 'void java.lang.invoke.DirectMethodHandle$Holder.invokeStaticInit(java.lang.Object, java.lang.Object, java.lang.Object)'> (0x0000000719207468) 
thrown [t:\workspace\open\src\hotspot\share\interpreter\linkResolver.cpp, line 766]
Event: 0.524 Thread 0x000002851e6830f0 Exception <a 'java/lang/NoSuchMethodError'{0x0000000719244638}: 'java.lang.Object java.lang.invoke.DirectMethodHandle$Holder.invokeStatic(java.lang.Object, java.lang.Object, long, java.lang.Object)'> (0x0000000719244638) 
thrown [t:\workspace\open\src\hotspot\share\interpreter\linkResolver.cpp, line 766]
Event: 0.524 Thread 0x000002851e6830f0 Exception <a 'java/lang/NoSuchMethodError'{0x00000007192480d0}: 'java.lang.Object java.lang.invoke.DirectMethodHandle$Holder.invokeStaticInit(java.lang.Object, java.lang.Object, long, java.lang.Object)'> (0x00000007192480d0) 
thrown [t:\workspace\open\src\hotspot\share\interpreter\linkResolver.cpp, line 766]
Event: 0.524 Thread 0x000002851e6830f0 Exception <a 'java/lang/NoSuchMethodError'{0x000000071924e6e0}: 'java.lang.Object java.lang.invoke.DirectMethodHandle$Holder.newInvokeSpecial(java.lang.Object, java.lang.Object, long)'> (0x000000071924e6e0) 
thrown [t:\workspace\open\src\hotspot\share\interpreter\linkResolver.cpp, line 766]
Event: 0.524 Thread 0x000002851e6830f0 Exception <a 'java/lang/NoSuchMethodError'{0x0000000719252250}: 'java.lang.Object java.lang.invoke.Invokers$Holder.linkToTargetMethod(java.lang.Object, long, java.lang.Object)'> (0x0000000719252250) 
thrown [t:\workspace\open\src\hotspot\share\interpreter\linkResolver.cpp, line 766]
Event: 0.529 Thread 0x000002851e6830f0 Exception <a 'java/lang/NoSuchMethodError'{0x000000071929b758}: 'void java.lang.invoke.DirectMethodHandle$Holder.invokeVirtual(java.lang.Object, java.lang.Object, java.lang.Object, java.lang.Object)'> (0x000000071929b758) 
thrown [t:\workspace\open\src\hotspot\share\interpreter\linkResolver.cpp, line 766]
Event: 0.546 Thread 0x000002851e6830f0 Exception <a 'java/lang/NoSuchMethodError'{0x00000007193fd530}: 'void java.lang.invoke.DirectMethodHandle$Holder.invokeSpecial(java.lang.Object, java.lang.Object, java.lang.Object)'> (0x00000007193fd530) 
thrown [t:\workspace\open\src\hotspot\share\interpreter\linkResolver.cpp, line 766]
Event: 0.546 Thread 0x000002851e6830f0 Exception <a 'java/lang/NoSuchMethodError'{0x0000000718c03b88}: 'void java.lang.invoke.DirectMethodHandle$Holder.invokeSpecial(java.lang.Object, java.lang.Object, java.lang.Object, java.lang.Object, java.lang.Object)'> (0x0000000718c03b88) 
thrown [t:\workspace\open\src\hotspot\share\interpreter\linkResolver.cpp, line 766]
Event: 0.550 Thread 0x000002851e6830f0 Exception <a 'java/lang/IncompatibleClassChangeError'{0x0000000718c63368}: Found class java.lang.Object, but interface was expected> (0x0000000718c63368) 
thrown [t:\workspace\open\src\hotspot\share\interpreter\linkResolver.cpp, line 833]

VM Operations (20 events):
Event: 0.229 Executing VM operation: HandshakeAllThreads
Event: 0.229 Executing VM operation: HandshakeAllThreads done
Event: 0.231 Executing VM operation: HandshakeAllThreads
Event: 0.231 Executing VM operation: HandshakeAllThreads done
Event: 0.331 Executing VM operation: G1CollectForAllocation
Event: 0.334 Executing VM operation: G1CollectForAllocation done
Event: 0.395 Executing VM operation: HandshakeAllThreads
Event: 0.395 Executing VM operation: HandshakeAllThreads done
Event: 0.481 Executing VM operation: HandshakeAllThreads
Event: 0.481 Executing VM operation: HandshakeAllThreads done
Event: 0.529 Executing VM operation: ICBufferFull
Event: 0.529 Executing VM operation: ICBufferFull done
Event: 0.543 Executing VM operation: HandshakeAllThreads
Event: 0.543 Executing VM operation: HandshakeAllThreads done
Event: 0.545 Executing VM operation: HandshakeAllThreads
Event: 0.545 Executing VM operation: HandshakeAllThreads done
Event: 0.568 Executing VM operation: G1CollectForAllocation
Event: 0.570 Executing VM operation: G1CollectForAllocation done
Event: 0.593 Executing VM operation: HandshakeAllThreads
Event: 0.593 Executing VM operation: HandshakeAllThreads done

Events (20 events):
Event: 0.609 loading class java/time/chrono/ChronoLocalDateImpl done
Event: 0.609 loading class java/time/chrono/HijrahDate done
Event: 0.609 loading class java/time/chrono/JapaneseDate
Event: 0.609 loading class java/time/chrono/JapaneseDate done
Event: 0.609 loading class java/time/chrono/MinguoDate
Event: 0.610 loading class java/time/chrono/MinguoDate done
Event: 0.610 loading class java/time/chrono/ThaiBuddhistDate
Event: 0.610 loading class java/time/chrono/ThaiBuddhistDate done
Event: 0.618 loading class jdk/internal/reflect/UnsafeObjectFieldAccessorImpl
Event: 0.618 loading class jdk/internal/reflect/UnsafeObjectFieldAccessorImpl done
Event: 0.621 loading class sun/reflect/generics/tree/BooleanSignature
Event: 0.621 loading class sun/reflect/generics/tree/BooleanSignature done
Event: 0.621 loading class sun/reflect/generics/tree/DoubleSignature
Event: 0.621 loading class sun/reflect/generics/tree/DoubleSignature done
Event: 0.621 loading class sun/reflect/generics/tree/FloatSignature
Event: 0.621 loading class sun/reflect/generics/tree/FloatSignature done
Event: 0.621 loading class sun/reflect/generics/tree/IntSignature
Event: 0.621 loading class sun/reflect/generics/tree/IntSignature done
Event: 0.621 loading class sun/reflect/generics/tree/ShortSignature
Event: 0.621 loading class sun/reflect/generics/tree/ShortSignature done


Dynamic libraries:
0x00007ff7f7eb0000 - 0x00007ff7f7ebe000 	C:\openjdk\jdk-17\bin\java.exe
0x00007ffb38190000 - 0x00007ffb38388000 	C:\Windows\SYSTEM32\ntdll.dll
0x00007ffb361d0000 - 0x00007ffb3628f000 	C:\Windows\System32\KERNEL32.DLL
0x00007ffb35ef0000 - 0x00007ffb361c2000 	C:\Windows\System32\KERNELBASE.dll
0x00007ffb35b60000 - 0x00007ffb35c60000 	C:\Windows\System32\ucrtbase.dll
0x00007ffb30e10000 - 0x00007ffb30e2a000 	C:\openjdk\jdk-17\bin\VCRUNTIME140.dll
0x00007ffb2e4a0000 - 0x00007ffb2e4b8000 	C:\openjdk\jdk-17\bin\jli.dll
0x00007ffb36870000 - 0x00007ffb36a11000 	C:\Windows\System32\USER32.dll
0x00007ffb22f30000 - 0x00007ffb231ca000 	C:\Windows\WinSxS\amd64_microsoft.windows.common-controls_6595b64144ccf1df_6.0.19041.1110_none_60b5254171f9507e\COMCTL32.dll
0x00007ffb35e30000 - 0x00007ffb35e52000 	C:\Windows\System32\win32u.dll
0x00007ffb37520000 - 0x00007ffb375be000 	C:\Windows\System32\msvcrt.dll
0x00007ffb376f0000 - 0x00007ffb3771b000 	C:\Windows\System32\GDI32.dll
0x00007ffb35a50000 - 0x00007ffb35b5f000 	C:\Windows\System32\gdi32full.dll
0x00007ffb35c90000 - 0x00007ffb35d2d000 	C:\Windows\System32\msvcp_win.dll
0x00007ffb364a0000 - 0x00007ffb364d2000 	C:\Windows\System32\IMM32.DLL
0x00007ffb30e50000 - 0x00007ffb30e5c000 	C:\openjdk\jdk-17\bin\vcruntime140_1.dll
0x00007ffb29740000 - 0x00007ffb297cd000 	C:\openjdk\jdk-17\bin\msvcp140.dll
0x00007ffb043e0000 - 0x00007ffb04f9e000 	C:\openjdk\jdk-17\bin\server\jvm.dll
0x00007ffb36600000 - 0x00007ffb366ae000 	C:\Windows\System32\ADVAPI32.dll
0x00007ffb37420000 - 0x00007ffb374bc000 	C:\Windows\System32\sechost.dll
0x00007ffb37290000 - 0x00007ffb373b5000 	C:\Windows\System32\RPCRT4.dll
0x00007ffb376e0000 - 0x00007ffb376e8000 	C:\Windows\System32\PSAPI.DLL
0x00007ffb231f0000 - 0x00007ffb231f9000 	C:\Windows\SYSTEM32\WSOCK32.dll
0x00007ffb2f750000 - 0x00007ffb2f75a000 	C:\Windows\SYSTEM32\VERSION.dll
0x00007ffb364e0000 - 0x00007ffb3654b000 	C:\Windows\System32\WS2_32.dll
0x00007ffb2c870000 - 0x00007ffb2c897000 	C:\Windows\SYSTEM32\WINMM.dll
0x00007ffb33760000 - 0x00007ffb33772000 	C:\Windows\SYSTEM32\kernel.appcore.dll
0x00007ffb2e410000 - 0x00007ffb2e41a000 	C:\openjdk\jdk-17\bin\jimage.dll
0x00007ffb2fcb0000 - 0x00007ffb2fe94000 	C:\Windows\SYSTEM32\DBGHELP.DLL
0x00007ffb24c10000 - 0x00007ffb24c45000 	C:\Windows\SYSTEM32\dbgcore.DLL
0x00007ffb35e60000 - 0x00007ffb35ee2000 	C:\Windows\System32\bcryptPrimitives.dll
0x00007ffb314d0000 - 0x00007ffb314de000 	C:\openjdk\jdk-17\bin\instrument.dll
0x00007ffb2e2f0000 - 0x00007ffb2e315000 	C:\openjdk\jdk-17\bin\java.dll
0x00007ffb0c440000 - 0x00007ffb0c516000 	C:\openjdk\jdk-17\bin\svml.dll
0x00007ffb36b30000 - 0x00007ffb37274000 	C:\Windows\System32\SHELL32.dll
0x00007ffb33960000 - 0x00007ffb340f2000 	C:\Windows\SYSTEM32\windows.storage.dll
0x00007ffb37df0000 - 0x00007ffb38145000 	C:\Windows\System32\combase.dll
0x00007ffb35200000 - 0x00007ffb35230000 	C:\Windows\SYSTEM32\Wldp.dll
0x00007ffb36a20000 - 0x00007ffb36acd000 	C:\Windows\System32\SHCORE.dll
0x00007ffb36ad0000 - 0x00007ffb36b25000 	C:\Windows\System32\shlwapi.dll
0x00007ffb357c0000 - 0x00007ffb357df000 	C:\Windows\SYSTEM32\profapi.dll
0x00007ffb29710000 - 0x00007ffb29728000 	C:\openjdk\jdk-17\bin\zip.dll
0x00007ffb2d270000 - 0x00007ffb2d289000 	C:\openjdk\jdk-17\bin\net.dll
0x00007ffb2f130000 - 0x00007ffb2f23c000 	C:\Windows\SYSTEM32\WINHTTP.dll
0x00007ffb34f60000 - 0x00007ffb34fca000 	C:\Windows\system32\mswsock.dll
0x00007ffb29830000 - 0x00007ffb29845000 	C:\openjdk\jdk-17\bin\nio.dll
0x00007ffb2e320000 - 0x00007ffb2e33a000 	C:\Program Files\JetBrains\IntelliJ IDEA 2022.2.2\bin\breakgen64.dll
0x00007ffb34c90000 - 0x00007ffb34d5a000 	C:\Windows\SYSTEM32\DNSAPI.dll
0x00007ffb34c50000 - 0x00007ffb34c8b000 	C:\Windows\SYSTEM32\IPHLPAPI.DLL
0x00007ffb36490000 - 0x00007ffb36498000 	C:\Windows\System32\NSI.dll
0x00007ffb2c840000 - 0x00007ffb2c84a000 	C:\Windows\System32\rasadhlp.dll
0x00007ffb2c3f0000 - 0x00007ffb2c470000 	C:\Windows\System32\fwpuclnt.dll
0x00007ffb35c60000 - 0x00007ffb35c87000 	C:\Windows\System32\bcrypt.dll
0x00007ffb31410000 - 0x00007ffb31419000 	C:\openjdk\jdk-17\bin\management.dll
0x00007ffb30e00000 - 0x00007ffb30e0b000 	C:\openjdk\jdk-17\bin\management_ext.dll
0x00007ffb35160000 - 0x00007ffb35178000 	C:\Windows\SYSTEM32\CRYPTSP.dll
0x00007ffb34880000 - 0x00007ffb348b4000 	C:\Windows\system32\rsaenh.dll
0x00007ffb35740000 - 0x00007ffb3576e000 	C:\Windows\SYSTEM32\USERENV.dll
0x00007ffb35150000 - 0x00007ffb3515c000 	C:\Windows\SYSTEM32\CRYPTBASE.dll
0x00007ffb2f900000 - 0x00007ffb2f917000 	C:\Windows\SYSTEM32\dhcpcsvc6.DLL
0x00007ffb2f870000 - 0x00007ffb2f88d000 	C:\Windows\SYSTEM32\dhcpcsvc.DLL
0x00007ffb20300000 - 0x00007ffb20317000 	C:\Windows\system32\napinsp.dll
0x00007ffb202e0000 - 0x00007ffb202fb000 	C:\Windows\system32\pnrpnsp.dll
0x00007ffb202c0000 - 0x00007ffb202d5000 	C:\Windows\system32\wshbth.dll
0x00007ffb31290000 - 0x00007ffb312ad000 	C:\Windows\system32\NLAapi.dll
0x00007ffb202a0000 - 0x00007ffb202b2000 	C:\Windows\System32\winrnr.dll
0x00007ffb29700000 - 0x00007ffb29710000 	C:\openjdk\jdk-17\bin\verify.dll

dbghelp: loaded successfully - version: 4.0.5 - missing functions: none
symbol engine: initialized successfully - sym options: 0x614 - pdb path: .;C:\openjdk\jdk-17\bin;C:\Windows\SYSTEM32;C:\Windows\WinSxS\amd64_microsoft.windows.common-controls_6595b64144ccf1df_6.0.19041.1110_none_60b5254171f9507e;C:\openjdk\jdk-17\bin\server;C:\Program Files\JetBrains\IntelliJ IDEA 2022.2.2\bin

VM Arguments:
jvm_args: -XX:TieredStopAtLevel=1 -Dspring.output.ansi.enabled=always -Dcom.sun.management.jmxremote -Dspring.jmx.enabled=true -Dspring.liveBeansView.mbeanDomain -Dspring.application.admin.enabled=true -javaagent:C:\Program Files\JetBrains\IntelliJ IDEA 2022.2.2\lib\idea_rt.jar=53797:C:\Program Files\JetBrains\IntelliJ IDEA 2022.2.2\bin -Dfile.encoding=UTF-8 
java_command: com.jfarro.app.SportshopApplication
java_class_path (initial): C:\Users\JOAQUIN\Desktop\E-Commerce\sportshop\target\classes;C:\Users\JOAQUIN\.m2\repository\org\springframework\boot\spring-boot-starter-data-jpa\3.0.1\spring-boot-starter-data-jpa-3.0.1.jar;C:\Users\JOAQUIN\.m2\repository\org\springframework\boot\spring-boot-starter-aop\3.0.1\spring-boot-starter-aop-3.0.1.jar;C:\Users\JOAQUIN\.m2\repository\org\springframework\spring-aop\6.0.3\spring-aop-6.0.3.jar;C:\Users\JOAQUIN\.m2\repository\org\aspectj\aspectjweaver\1.9.19\aspectjweaver-1.9.19.jar;C:\Users\JOAQUIN\.m2\repository\org\springframework\boot\spring-boot-starter-jdbc\3.0.1\spring-boot-starter-jdbc-3.0.1.jar;C:\Users\JOAQUIN\.m2\repository\com\zaxxer\HikariCP\5.0.1\HikariCP-5.0.1.jar;C:\Users\JOAQUIN\.m2\repository\org\springframework\spring-jdbc\6.0.3\spring-jdbc-6.0.3.jar;C:\Users\JOAQUIN\.m2\repository\org\hibernate\orm\hibernate-core\6.1.6.Final\hibernate-core-6.1.6.Final.jar;C:\Users\JOAQUIN\.m2\repository\jakarta\persistence\jakarta.persistence-api\3.1.0\jakarta.persistence-api-3.1.0.jar;C:\Users\JOAQUIN\.m2\repository\jakarta\transaction\jakarta.transaction-api\2.0.1\jakarta.transaction-api-2.0.1.jar;C:\Users\JOAQUIN\.m2\repository\org\jboss\logging\jboss-logging\3.5.0.Final\jboss-logging-3.5.0.Final.jar;C:\Users\JOAQUIN\.m2\repository\org\hibernate\common\hibernate-commons-annotations\6.0.2.Final\hibernate-commons-annotations-6.0.2.Final.jar;C:\Users\JOAQUIN\.m2\repository\org\jboss\jandex\2.4.2.Final\jandex-2.4.2.Final.jar;C:\Users\JOAQUIN\.m2\repository\com\fasterxml\classmate\1.5.1\classmate-1.5.1.jar;C:\Users\JOAQUIN\.m2\repository\net\bytebuddy\byte-buddy\1.12.20\byte-buddy-1.12.20.jar;C:\Users\JOAQUIN\.m2\repository\org\glassfish\jaxb\jaxb-runtime\4.0.1\jaxb-runtime-4.0.1.jar;C:\Users\JOAQUIN\.m2\repository\org\glassfish\jaxb\jaxb-core\4.0.1\jaxb-core-4.0.1.jar;C:\Users\JOAQUIN\.m2\repository\org\eclipse\angus\angus-activation\1.0.0\angus-activation-1.0.0.jar;C:\Users\JOAQUIN\.m2\repository\org\glassfish\jaxb\txw2\4.0.1\txw
Launcher Type: SUN_STANDARD

[Global flags]
     intx CICompilerCount                          = 12                                        {product} {ergonomic}
     uint ConcGCThreads                            = 3                                         {product} {ergonomic}
     uint G1ConcRefinementThreads                  = 13                                        {product} {ergonomic}
   size_t G1HeapRegionSize                         = 2097152                                   {product} {ergonomic}
    uintx GCDrainStackTargetSize                   = 64                                        {product} {ergonomic}
   size_t InitialHeapSize                          = 257949696                                 {product} {ergonomic}
     bool ManagementServer                         = true                                      {product} {command line}
   size_t MarkStackSize                            = 4194304                                   {product} {ergonomic}
   size_t MaxHeapSize                              = 4108320768                                {product} {ergonomic}
   size_t MaxNewSize                               = 2464153600                                {product} {ergonomic}
   size_t MinHeapDeltaBytes                        = 2097152                                   {product} {ergonomic}
   size_t MinHeapSize                              = 8388608                                   {product} {ergonomic}
    uintx NonProfiledCodeHeapSize                  = 0                                      {pd product} {ergonomic}
     bool ProfileInterpreter                       = false                                  {pd product} {command line}
    uintx ProfiledCodeHeapSize                     = 0                                      {pd product} {ergonomic}
   size_t SoftMaxHeapSize                          = 4108320768                             {manageable} {ergonomic}
     intx TieredStopAtLevel                        = 1                                         {product} {command line}
     bool UseCompressedClassPointers               = true                           {product lp64_product} {ergonomic}
     bool UseCompressedOops                        = true                           {product lp64_product} {ergonomic}
     bool UseG1GC                                  = true                                      {product} {ergonomic}
     bool UseLargePagesIndividualAllocation        = false                                  {pd product} {ergonomic}

Logging:
Log output configuration:
 #0: stdout all=warning uptime,level,tags
 #1: stderr all=off uptime,level,tags

Environment Variables:
JAVA_HOME=C:\openjdk\jdk-17
PATH=C:\Program Files (x86)\Common Files\Intel\Shared Libraries\redist\intel64\compiler;C:\Windows\system32;C:\Windows;C:\Windows\System32\Wbem;C:\Windows\System32\WindowsPowerShell\v1.0\;C:\Windows\System32\OpenSSH\;C:\openjdk\jdk-17\bin;C:\openjdk\jdk-11\bin;C:\maven\apache-maven-3.8.6\bin;C:\Program Files\Git\cmd;C:\Program Files\PostgreSQL\15\bin;C:\Program Files\MySQL\MySQL Server 8.0\bin;C:\Users\JOAQUIN\AppData\Local\Microsoft\WindowsApps;;C:\Users\JOAQUIN\AppData\Local\Programs\Microsoft VS Code\bin;C:\Program Files\heroku\bin
USERNAME=JOAQUIN
OS=Windows_NT
PROCESSOR_IDENTIFIER=AMD64 Family 25 Model 80 Stepping 0, AuthenticAMD



---------------  S Y S T E M  ---------------

OS:
 Windows 10 , 64 bit Build 19041 (10.0.19041.2364)
OS uptime: 2 days 5:49 hours

CPU: total 16 (initial active 16) (16 cores per cpu, 2 threads per core) family 25 model 80 stepping 0 microcode 0x0, cx8, cmov, fxsr, ht, mmx, 3dnowpref, sse, sse2, sse3, ssse3, sse4a, sse4.1, sse4.2, popcnt, lzcnt, tsc, tscinvbit, avx, avx2, aes, erms, clmul, bmi1, bmi2, adx, sha, fma, vzeroupper, clflush, clflushopt

Memory: 4k page, system-wide physical 15667M (1392M free)
TotalPageFile size 21375M (AvailPageFile size 2M)
current process WorkingSet (physical memory assigned to process): 97M, peak: 97M
current process commit charge ("private bytes"): 365M, peak: 365M

vm_info: OpenJDK 64-Bit Server VM (17+35-2724) for windows-amd64 JRE (17+35-2724), built on Aug  5 2021 23:26:02 by "mach5one" with MS VC++ 16.8 (VS2019)

END.
